$ ./gradlew clean build --refresh-dependencies --rerun-tasks
Starting a Gradle Daemon, 1 incompatible Daemon could not be reused, use --status for details

> Task :app:compileReleaseKotlin FAILED
e: file:///C:/Users/jungw/StudioProjects/MP3App/app/src/main/java/com/suldenlion/mp3app/MainActivity.kt:209:39 Unresolved reference: MediaMetadata

> Task :app:compileDebugKotlin FAILED
e: file:///C:/Users/jungw/StudioProjects/MP3App/app/src/main/java/com/suldenlion/mp3app/MainActivity.kt:209:39 Unresolved reference: MediaMetadata

FAILURE: Build completed with 2 failures.

1: Task failed with an exception.
-----------
* What went wrong:
Execution failed for task ':app:compileReleaseKotlin'.
> A failure occurred while executing org.jetbrains.kotlin.compilerRunner.GradleCompilerRunnerWithWorkers$GradleKotlinCompilerWorkAction
   > Compilation error. See log for more details

* Try:
> Run with --stacktrace option to get the stack trace.
> Run with --info or --debug option to get more log output.
> Run with --scan to get full insights.
> Get more help at https://help.gradle.org.
==============================================================================

2: Task failed with an exception.
-----------
* What went wrong:
Execution failed for task ':app:compileDebugKotlin'.
> A failure occurred while executing org.jetbrains.kotlin.compilerRunner.GradleCompilerRunnerWithWorkers$GradleKotlinCompilerWorkAction
   > Compilation error. See log for more details

* Try:
> Run with --stacktrace option to get the stack trace.
> Run with --info or --debug option to get more log output.
> Run with --scan to get full insights.
> Get more help at https://help.gradle.org.
==============================================================================

Deprecated Gradle features were used in this build, making it incompatible with Gradle 9.0.

You can use '--warning-mode all' to show the individual deprecation warnings and determine if they come from your own scripts or plugins.

For more on this, please refer to https://docs.gradle.org/8.7/userguide/command_line_interface.html#sec:command_line_warnings in the Gradle documentation.

BUILD FAILED in 4m 11s
65 actionable tasks: 65 executed
